Wakeup: 0
Wakeup: 0
Wakeup: 0
My name is AAnd I just computed1000000000
Time to finish: 1720
Ran for1720ms
Wakeup: 1720
My name is BAnd I just computed1000000000
Time to finish: 1721
Ran for1721ms
Wakeup: 1721
My name is CAnd I just computed1000000000
Time to finish: 1721
Ran for1721ms
Wakeup: 1721
My name is AAnd I just computed1000000000
Time to finish: 1769
Ran for49ms
Wakeup: 3490
My name is CAnd I just computed1000000000
Time to finish: 1771
Ran for50ms
Wakeup: 3493
My name is BAnd I just computed1000000000
Time to finish: 1774
Ran for53ms
Wakeup: 3495
My name is AAnd I just computed1000000000
Time to finish: 1744
Ran for-1746ms
Wakeup: 5235
My name is CAnd I just computed1000000000
Time to finish: 1742
Ran for-1751ms
Wakeup: 5235
My name is BAnd I just computed1000000000
Time to finish: 1744
Ran for-1751ms
Wakeup: 5240
My name is AAnd I just computed1000000000
Time to finish: 1737
Ran for-3498ms
Wakeup: 6973
My name is CAnd I just computed1000000000
Time to finish: 1737
Ran for-3498ms
Wakeup: 6973
My name is BAnd I just computed1000000000
Time to finish: 1739
Ran for-3501ms
Wakeup: 6979
My name is BAnd I just computed1000000000
Time to finish: 1838
Ran for-5141ms
Wakeup: 8817
My name is AAnd I just computed1000000000
Time to finish: 1848
Ran for-5125ms
Wakeup: 8822
My name is CAnd I just computed1000000000
Time to finish: 1874
Ran for-5099ms
Wakeup: 8847
My name is BAnd I just computed1000000000
Time to finish: 1801
Ran for-7016ms
Wakeup: 10619
My name is AAnd I just computed1000000000
Time to finish: 1807
Ran for-7015ms
Wakeup: 10630
My name is CAnd I just computed1000000000
Time to finish: 1811
Ran for-7036ms
Wakeup: 10659
My name is CAnd I just computed1000000000
Time to finish: 1826
Ran for-8833ms
Wakeup: 12485
My name is BAnd I just computed1000000000
Time to finish: 1876
Ran for-8743ms
Wakeup: 12495
My name is AAnd I just computed1000000000
Time to finish: 1872
Ran for-8758ms
Wakeup: 12502
My name is CAnd I just computed1000000000
Time to finish: 1788
Ran for-10697ms
Wakeup: 14274
My name is BAnd I just computed1000000000
Time to finish: 1797
Ran for-10698ms
Wakeup: 14293
My name is AAnd I just computed1000000000
Time to finish: 1798
Ran for-10704ms
Wakeup: 14300
My name is CAnd I just computed1000000000
Time to finish: 1740
Ran for-12534ms
Wakeup: 16014
My name is BAnd I just computed1000000000
Time to finish: 1740
Ran for-12553ms
Wakeup: 16033
My name is AAnd I just computed1000000000
Time to finish: 1739
Ran for-12561ms
Wakeup: 16040
My name is CAnd I just computed1000000000
Time to finish: 1750
Ran for-14264ms
My name is BAnd I just computed1000000000
Time to finish: 1748
Ran for-14285ms
My name is AAnd I just computed1000000000
Time to finish: 1748
Ran for-14292ms
